Arguments: 
  /usr/bin/node /root/.yarn/bin/yarn.js list

PATH: 
  /usr/local/sbin:/usr/local/bin:/usr/sbin:/usr/bin:/sbin:/bin:/snap/bin

Yarn version: 
  1.22.5

Node version: 
  15.14.0

Platform: 
  linux x64

Trace: 
  Error: https://registry.yarnpkg.com/kun-tools: Not found
      at Request.params.callback [as _callback] (/root/.yarn/lib/cli.js:66988:18)
      at Request.self.callback (/root/.yarn/lib/cli.js:140749:22)
      at Request.emit (node:events:369:20)
      at Request.<anonymous> (/root/.yarn/lib/cli.js:141721:10)
      at Request.emit (node:events:369:20)
      at IncomingMessage.<anonymous> (/root/.yarn/lib/cli.js:141643:12)
      at Object.onceWrapper (node:events:475:28)
      at IncomingMessage.emit (node:events:381:22)
      at endReadableNT (node:internal/streams/readable:1307:12)
      at processTicksAndRejections (node:internal/process/task_queues:81:21)

npm manifest: 
  {
    "name": "kun-shared",
    "version": "1.0.0",
    "description": "shared model",
    "main": "index.js",
    "scripts": {
      "test": "jest",
      "tsc": "tsc --declaration --emitDeclarationOnly",
      "jest": "DEBUG=jest &&jest --verbose=true",
      "build": "babel --extensions '.ts' ./src -d ./built"
    },
    "author": "caedman",
    "license": "ISC",
    "dependencies": {
      "kun-tools": "*"
    },
    "devDependencies": {
      "jest": "26.6.3",
      "@types/jest": "26.0.22",
      "@babel/runtime": "^7.13.17",
      "@tsconfig/create-react-app": "^1.0.2",
      "typescript": "^4.1.3",
      "@babel/cli": "^7.13.16",
      "@babel/core": "^7.13.16",
      "@babel/plugin-proposal-class-properties": "7.13.0",
      "@babel/preset-env": "^7.13.15",
      "@babel/preset-typescript": "^7.13.0"
    }
  }

yarn manifest: 
  No manifest

Lockfile: 
  # THIS IS AN AUTOGENERATED FILE. DO NOT EDIT THIS FILE DIRECTLY.
  # yarn lockfile v1
  
  
  "@babel/runtime@^7.13.17":
    version "7.13.17"
    resolved "https://registry.yarnpkg.com/@babel/runtime/-/runtime-7.13.17.tgz#8966d1fc9593bf848602f0662d6b4d0069e3a7ec"
    integrity sha512-NCdgJEelPTSh+FEFylhnP1ylq848l1z9t9N0j1Lfbcw0+KXGjsTvUmkxy+voLLXB5SOKMbLLx4jxYliGrYQseA==
    dependencies:
      regenerator-runtime "^0.13.4"
  
  "@tsconfig/create-react-app@^1.0.2":
    version "1.0.2"
    resolved "https://registry.yarnpkg.com/@tsconfig/create-react-app/-/create-react-app-1.0.2.tgz#e05e2d209b98e21665ed4097fe2d37f638447b0e"
    integrity sha512-Vg+pErSM6hTcSzxPqNwFg0dk+y0R1Obp8uLV1MDdfd7j98FyOFqtqkdxb9wqIx9vtDW5GCH7zg6DyoHJzMT12g==
  
  regenerator-runtime@^0.13.4:
    version "0.13.7"
    resolved "https://registry.yarnpkg.com/regenerator-runtime/-/regenerator-runtime-0.13.7.tgz#cac2dacc8a1ea675feaabaeb8ae833898ae46f55"
    integrity sha512-a54FxoJDIr27pgf7IgeQGxmqUNYrcV338lf/6gH456HZ/PhX+5BcwHXG9ajESmwe6WRO0tAzRUrRmNONWgkrew==
  
  typescript@^4.1.3:
    version "4.2.4"
    resolved "https://registry.yarnpkg.com/typescript/-/typescript-4.2.4.tgz#8610b59747de028fda898a8aef0e103f156d0961"
    integrity sha512-V+evlYHZnQkaz8TRBuxTA92yZBPotr5H+WhQ7bD3hZUndx5tGOa1fuCgeSjxAzM1RiN5IzvadIXTVefuuwZCRg==
